<?xml version="1.0" encoding="UTF-8"?>
<testng-results skipped="0" failed="0" ignored="0" total="1" passed="1">
  <reporter-output>
  </reporter-output>
  <suite name="Cucumbersuite" duration-ms="8283" started-at="2021-04-25T07:47:22 PDT" finished-at="2021-04-25T07:47:30 PDT">
    <groups>
      <group name="cucumber">
        <method signature="TestRunner.feature(cucumber.api.testng.CucumberFeatureWrapper)[pri:0, instance:Runner.TestRunner@6895a785]" name="feature" class="Runner.TestRunner"/>
      </group> <!-- cucumber -->
    </groups>
    <test name="Test" duration-ms="8283" started-at="2021-04-25T07:47:22 PDT" finished-at="2021-04-25T07:47:30 PDT">
      <class name="Runner.TestRunner">
        <test-method status="PASS" signature="setUpClass()[pri:0, instance:Runner.TestRunner@6895a785]" name="setUpClass" is-config="true" duration-ms="162" started-at="2021-04-25T07:47:22 PDT" finished-at="2021-04-25T07:47:22 PDT">
          <reporter-output>
          </reporter-output>
        </test-method> <!-- setUpClass -->
        <test-method status="PASS" signature="feature(cucumber.api.testng.CucumberFeatureWrapper)[pri:0, instance:Runner.TestRunner@6895a785]" name="feature" duration-ms="7971" started-at="2021-04-25T07:47:22 PDT" description="Runs Cucumber Feature" data-provider="features" finished-at="2021-04-25T07:47:30 PDT">
          <params>
            <param index="0">
              <value>
                <![CDATA[Feature]]>
              </value>
            </param>
          </params>
          <reporter-output>
          </reporter-output>
        </test-method> <!-- feature -->
        <test-method status="PASS" signature="tearDownClass()[pri:0, instance:Runner.TestRunner@6895a785]" name="tearDownClass" is-config="true" duration-ms="37" started-at="2021-04-25T07:47:30 PDT" finished-at="2021-04-25T07:47:30 PDT">
          <reporter-output>
          </reporter-output>
        </test-method> <!-- tearDownClass -->
      </class> <!-- Runner.TestRunner -->
    </test> <!-- Test -->
  </suite> <!-- Cucumbersuite -->
</testng-results>
